<?xml version="1.0" encoding="UTF-8"?>
<testng-results skipped="0" failed="0" total="1" passed="1">
  <reporter-output>
  </reporter-output>
  <suite name="Default suite" duration-ms="124659" started-at="2020-01-13T08:25:34Z" finished-at="2020-01-13T08:27:39Z">
    <groups>
    </groups>
    <test name="Default test" duration-ms="124659" started-at="2020-01-13T08:25:34Z" finished-at="2020-01-13T08:27:39Z">
      <class name="companyname.projectname.modulename.Createcustomer">
        <test-method status="PASS" signature="Login()[pri:0, instance:companyname.projectname.modulename.Createcustomer@feb3fa]" name="Login" duration-ms="124636" started-at="2020-01-13T13:55:34Z" finished-at="2020-01-13T13:57:39Z">
          <reporter-output>
          </reporter-output>
        </test-method> <!-- Login -->
      </class> <!-- companyname.projectname.modulename.Createcustomer -->
    </test> <!-- Default test -->
  </suite> <!-- Default suite -->
</testng-results>
